#
# A fatal error has been detected by the Java Runtime Environment:
#
#  SIGSEGV (0xb) at pc=0x0000000000000000, pid=22131, tid=33027
#
# JRE version: OpenJDK Runtime Environment AdoptOpenJDK-11.0.11+9 (11.0.11+9) (build 11.0.11+9)
# Java VM: OpenJDK 64-Bit Server VM AdoptOpenJDK-11.0.11+9 (11.0.11+9, mixed mode, tiered, compressed oops, g1 gc, bsd-amd64)
# Problematic frame:
# C  0x0000000000000000
#
# No core dump will be written. Core dumps have been disabled. To enable core dumping, try "ulimit -c unlimited" before starting Java again
#
# If you would like to submit a bug report, please visit:
#   https://github.com/AdoptOpenJDK/openjdk-support/issues
#

---------------  S U M M A R Y ------------

Command Line: -XX:TieredStopAtLevel=1 -Xverify:none -Dspring.output.ansi.enabled=always -Dcom.sun.management.jmxremote -Dspring.jmx.enabled=true -Dspring.liveBeansView.mbeanDomain -Dspring.application.admin.enabled=true -javaagent:/Applications/IntelliJ IDEA.app/Contents/lib/idea_rt.jar=52730:/Applications/IntelliJ IDEA.app/Contents/bin -agentpath:/private/var/folders/2j/318g6rn129z7wbx6bs77kktm0000gn/T/libasyncProfiler.so=start,jfr,event=cpu,interval=1ms,event=alloc,file=/Users/jinyoungwee/ItemServiceApplication_2022_04_05_181209.jfr -Dfile.encoding=UTF-8 hello.itemservice.ItemServiceApplication

Host: MacBookPro17,1 x86_64 2400 MHz, 8 cores, 8G, Darwin 21.2.0
Time: Tue Apr  5 18:12:11 2022 KST elapsed time: 2.707207 seconds (0d 0h 0m 2s)

---------------  T H R E A D  ---------------

Current thread (0x00007fc11684d000):  JavaThread "background-preinit" [_thread_in_vm, id=33027, stack(0x000000030edcc000,0x000000030eecc000)]

Stack: [0x000000030edcc000,0x000000030eecc000],  sp=0x000000030eec8d88,  free space=1011k
Java frames: (J=compiled Java code, j=interpreted, Vv=VM code)
v  ~RuntimeStub::new_type_array Runtime1 stub
J 265 c1 java.lang.StringCoding.encodeUTF8(B[BZ)[B java.base@11.0.11 (132 bytes) @ 0x0000000118d60476 [0x0000000118d60000+0x0000000000000476]
J 833 c1 java.util.zip.ZipCoder$UTF8.getBytes(Ljava/lang/String;)[B java.base@11.0.11 (10 bytes) @ 0x0000000118e45a8c [0x0000000118e45a40+0x000000000000004c]
J 840 c1 java.util.zip.ZipFile.getEntry(Ljava/lang/String;Ljava/util/function/Function;)Ljava/util/zip/ZipEntry; java.base@11.0.11 (73 bytes) @ 0x0000000118e46b6c [0x0000000118e46a00+0x000000000000016c]
J 1130 c1 java.util.jar.JarFile.getEntry(Ljava/lang/String;)Ljava/util/zip/ZipEntry; java.base@11.0.11 (22 bytes) @ 0x0000000118ef17ac [0x0000000118ef16e0+0x00000000000000cc]
J 1170 c1 jdk.internal.loader.URLClassPath$JarLoader.getResource(Ljava/lang/String;Z)Ljdk/internal/loader/Resource; java.base@11.0.11 (65 bytes) @ 0x0000000118f06024 [0x0000000118f05fa0+0x0000000000000084]
J 1104 c1 jdk.internal.loader.URLClassPath.getResource(Ljava/lang/String;Z)Ljdk/internal/loader/Resource; java.base@11.0.11 (74 bytes) @ 0x0000000118eddcc4 [0x0000000118eddc60+0x0000000000000064]
J 1310 c1 jdk.internal.loader.BuiltinClassLoader.findClassOnClassPathOrNull(Ljava/lang/String;)Ljava/lang/Class; java.base@11.0.11 (64 bytes) @ 0x0000000118f442cc [0x0000000118f44220+0x00000000000000ac]
J 1172 c1 jdk.internal.loader.BuiltinClassLoader.loadClassOrNull(Ljava/lang/String;Z)Ljava/lang/Class; java.base@11.0.11 (143 bytes) @ 0x0000000118f08e14 [0x0000000118f08920+0x00000000000004f4]
J 1223 c1 jdk.internal.loader.ClassLoaders$AppClassLoader.loadClass(Ljava/lang/String;Z)Ljava/lang/Class; java.base@11.0.11 (40 bytes) @ 0x0000000118f1d054 [0x0000000118f1cf00+0x0000000000000154]
J 1200 c1 java.lang.ClassLoader.loadClass(Ljava/lang/String;)Ljava/lang/Class; java.base@11.0.11 (7 bytes) @ 0x0000000118f14e84 [0x0000000118f14e40+0x0000000000000044]
v  ~StubRoutines::call_stub
J 1330  java.lang.ClassLoader.defineClass1(Ljava/lang/ClassLoader;Ljava/lang/String;[BIILjava/security/ProtectionDomain;Ljava/lang/String;)Ljava/lang/Class; java.base@11.0.11 (0 bytes) @ 0x0000000118f4eb80 [0x0000000118f4eac0+0x00000000000000c0]
J 1434 c1 java.lang.ClassLoader.defineClass(Ljava/lang/String;[BIILjava/security/ProtectionDomain;)Ljava/lang/Class; java.base@11.0.11 (43 bytes) @ 0x0000000118f7f20c [0x0000000118f7f100+0x000000000000010c]
J 1323 c1 jdk.internal.loader.BuiltinClassLoader.defineClass(Ljava/lang/String;Ljdk/internal/loader/Resource;)Ljava/lang/Class; java.base@11.0.11 (121 bytes) @ 0x0000000118f4dde4 [0x0000000118f4d840+0x00000000000005a4]
J 1310 c1 jdk.internal.loader.BuiltinClassLoader.findClassOnClassPathOrNull(Ljava/lang/String;)Ljava/lang/Class; java.base@11.0.11 (64 bytes) @ 0x0000000118f442ec [0x0000000118f44220+0x00000000000000cc]
J 1172 c1 jdk.internal.loader.BuiltinClassLoader.loadClassOrNull(Ljava/lang/String;Z)Ljava/lang/Class; java.base@11.0.11 (143 bytes) @ 0x0000000118f08e14 [0x0000000118f08920+0x00000000000004f4]
J 1223 c1 jdk.internal.loader.ClassLoaders$AppClassLoader.loadClass(Ljava/lang/String;Z)Ljava/lang/Class; java.base@11.0.11 (40 bytes) @ 0x0000000118f1d054 [0x0000000118f1cf00+0x0000000000000154]
J 1200 c1 java.lang.ClassLoader.loadClass(Ljava/lang/String;)Ljava/lang/Class; java.base@11.0.11 (7 bytes) @ 0x0000000118f14e84 [0x0000000118f14e40+0x0000000000000044]
v  ~StubRoutines::call_stub
j  org.springframework.http.converter.FormHttpMessageConverter.<clinit>()V+6
v  ~StubRoutines::call_stub
j  org.springframework.boot.autoconfigure.BackgroundPreinitializer$MessageConverterInitializer.run()V+0
j  org.springframework.boot.autoconfigure.BackgroundPreinitializer$1.runSafely(Ljava/lang/Runnable;)V+1
j  org.springframework.boot.autoconfigure.BackgroundPreinitializer$1.run()V+33
j  java.lang.Thread.run()V+11 java.base@11.0.11
v  ~StubRoutines::call_stub

siginfo: si_signo: 11 (SIGSEGV), si_code: 1 (SEGV_MAPERR), si_addr: 0x0000000000000000

Register to memory mapping:

RAX=0x0 is NULL
RBX=0x000000030eec8da0 is pointing into the stack for thread: 0x00007fc11684d000
RCX=0x00007fc11684d000 is a thread
RDX=0x0000000000000038 is an unknown value
RSP=0x000000030eec8d88 is pointing into the stack for thread: 0x00007fc11684d000
RBP=0x000000010e248210: _ZN12MemAllocator10Allocation17notify_allocationEv+0x16 in /Library/Java/JavaVirtualMachines/adoptopenjdk-11.jdk/Contents/Home/lib/server/libjvm.dylib at 0x000000010dc8e000
RSI=0x0000000786cc9e20 is an oop: [B 
{0x0000000786cc9e20} - klass: {type array byte}
 - length: 39
RDI=0x000000030eec8d58 is pointing into the stack for thread: 0x00007fc11684d000
R8 =0x00007fc11684d000 is a thread
R9 =0x00007fc11684d000 is a thread
R10=0x000000010e5e4680: _ZTV15G1CollectedHeap+0x10 in /Library/Java/JavaVirtualMachines/adoptopenjdk-11.jdk/Contents/Home/lib/server/libjvm.dylib at 0x000000010dc8e000
R11=0x0000000000000027 is an unknown value
R12=0x0 is NULL
R13=0x0000000000000063 is an unknown value
R14=0x00007fc11684d000 is a thread
R15=0x00007fc11684d000 is a thread


Registers:
RAX=0x0000000000000000, RBX=0x000000030eec8da0, RCX=0x00007fc11684d000, RDX=0x0000000000000038
RSP=0x000000030eec8d88, RBP=0x000000010e248210, RSI=0x0000000786cc9e20, RDI=0x000000030eec8d58
R8 =0x00007fc11684d000, R9 =0x00007fc11684d000, R10=0x000000010e5e4680, R11=0x0000000000000027
R12=0x0000000000000000, R13=0x0000000000000063, R14=0x00007fc11684d000, R15=0x00007fc11684d000
RIP=0x0000000000000000, EFLAGS=0x0000000000000216, ERR=0x0000000000000004
  TRAPNO=0x000000000000000e

Top of Stack: (sp=0x000000030eec8d88)
0x000000030eec8d88:   000000030eec8df0 000000030eec8de0
0x000000030eec8d98:   000000010e24860b 000000030eec8df0
0x000000030eec8da8:   00007fc11684d000 000000030eec8dd0
0x000000030eec8db8:   00007fc146820000 0000000000002229
0x000000030eec8dc8:   0000000000000000 0000000786cc9e20
0x000000030eec8dd8:   0000000000000027 000000030eec8e20
0x000000030eec8de8:   000000010deab199 000000010e5effa8
0x000000030eec8df8:   00007fc146008200 00007fc11684d000
0x000000030eec8e08:   0000000800000820 0000000000000007
0x000000030eec8e18:   0000000100000027 000000030eec8f70
0x000000030eec8e28:   000000010e41c6fb 0000000000000000
0x000000030eec8e38:   0000000000000000 0000000000000000
0x000000030eec8e48:   0000000000000000 0000000000000000
0x000000030eec8e58:   0000000000000000 00008000ffffffff
0x000000030eec8e68:   8000000000000000 0000000780080e80
0x000000030eec8e78:   000000078671c938 0000000000000000
0x000000030eec8e88:   000060000264c850 00007fc1468285c8
0x000000030eec8e98:   0000000000000000 0000000000000000
0x000000030eec8ea8:   000000000000000b 000000030eec9a80
0x000000030eec8eb8:   0000000118e8e27d 0000000786c496e8
0x000000030eec8ec8:   0000000000000000 0000000000000000
0x000000030eec8ed8:   0000000000000000 000000030eec8f03
0x000000030eec8ee8:   0000000000000000 0000000000000000
0x000000030eec8ef8:   0000000000000000 0000000000000000
0x000000030eec8f08:   0000000000000000 0000000000000000
0x000000030eec8f18:   0000000000000000 000000030eec9a80
0x000000030eec8f28:   0000000118d27cd0 0000000000000000
0x000000030eec8f38:   0000000000000000 d5bf686fa7b800af
0x000000030eec8f48:   00007fc11684d000 0000000000000000
0x000000030eec8f58:   0000000000000063 000000000000002e
0x000000030eec8f68:   00007fc11684d000 000000030eec8fa0
0x000000030eec8f78:   000000010de31d54 000000078000dd68 

Instructions: (pc=0x0000000000000000)
0xffffffffffffff00:   


Stack slot to memory mapping:
stack at sp + 0 slots: 0x000000030eec8df0 is pointing into the stack for thread: 0x00007fc11684d000
stack at sp + 1 slots: 0x000000030eec8de0 is pointing into the stack for thread: 0x00007fc11684d000
stack at sp + 2 slots: 0x000000010e24860b: _ZNK12MemAllocator8allocateEv+0x71 in /Library/Java/JavaVirtualMachines/adoptopenjdk-11.jdk/Contents/Home/lib/server/libjvm.dylib at 0x000000010dc8e000
stack at sp + 3 slots: 0x000000030eec8df0 is pointing into the stack for thread: 0x00007fc11684d000
stack at sp + 4 slots: 0x00007fc11684d000 is a thread
stack at sp + 5 slots: 0x000000030eec8dd0 is pointing into the stack for thread: 0x00007fc11684d000
stack at sp + 6 slots: 0x00007fc146820000 points into unknown readable memory: 0x0000000000000000 | 00 00 00 00 00 00 00 00
stack at sp + 7 slots: 0x0000000000002229 is an unknown value


---------------  P R O C E S S  ---------------

Threads class SMR info:
_java_thread_list=0x0000600001be1c20, length=15, elements={
0x00007fc146812000, 0x00007fc11683e000, 0x00007fc148008800, 0x00007fc14600e000,
0x00007fc116849800, 0x00007fc11684a800, 0x00007fc11684b800, 0x00007fc11684c800,
0x00007fc147080800, 0x00007fc147206800, 0x00007fc116991800, 0x00007fc1169b8800,
0x00007fc146bb6800, 0x00007fc1472a6000, 0x00007fc11684d000
}

Java Threads: ( => current thread )
  0x00007fc146812000 JavaThread "main" [_thread_blocked, id=7683, stack(0x000000030d576000,0x000000030d676000)]
  0x00007fc11683e000 JavaThread "Reference Handler" daemon [_thread_blocked, id=15619, stack(0x000000030dc8b000,0x000000030dd8b000)]
  0x00007fc148008800 JavaThread "Finalizer" daemon [_thread_blocked, id=21763, stack(0x000000030dd8e000,0x000000030de8e000)]
  0x00007fc14600e000 JavaThread "Signal Dispatcher" daemon [_thread_blocked, id=24323, stack(0x000000030df9f000,0x000000030e09f000)]
  0x00007fc116849800 JavaThread "Service Thread" daemon [_thread_blocked, id=41731, stack(0x000000030e0a2000,0x000000030e1a2000)]
  0x00007fc11684a800 JavaThread "C1 CompilerThread0" daemon [_thread_blocked, id=41219, stack(0x000000030e1a5000,0x000000030e2a5000)]
  0x00007fc11684b800 JavaThread "Sweeper thread" daemon [_thread_blocked, id=25347, stack(0x000000030e2a8000,0x000000030e3a8000)]
  0x00007fc11684c800 JavaThread "Common-Cleaner" daemon [_thread_blocked, id=39939, stack(0x000000030e3ab000,0x000000030e4ab000)]
  0x00007fc147080800 JavaThread "Monitor Ctrl-Break" daemon [_thread_in_native, id=26627, stack(0x000000030e4ae000,0x000000030e5ae000)]
  0x00007fc147206800 JavaThread "Async-profiler Timer" daemon [_thread_in_native, id=39199, stack(0x000000030e5b1000,0x000000030e631000)]
  0x00007fc116991800 JavaThread "RMI TCP Accept-0" daemon [_thread_in_native, id=27907, stack(0x000000030e6b7000,0x000000030e7b7000)]
  0x00007fc1169b8800 JavaThread "Attach Listener" daemon [_thread_blocked, id=35371, stack(0x000000030e8bd000,0x000000030e9bd000)]
  0x00007fc146bb6800 JavaThread "RMI TCP Connection(1)-127.0.0.1" daemon [_thread_in_native, id=34563, stack(0x000000030e9c0000,0x000000030eac0000)]
  0x00007fc1472a6000 JavaThread "RMI Scheduler(0)" daemon [_thread_blocked, id=29187, stack(0x000000030eac3000,0x000000030ebc3000)]
=>0x00007fc11684d000 JavaThread "background-preinit" [_thread_in_vm, id=33027, stack(0x000000030edcc000,0x000000030eecc000)]

Other Threads:
  0x00007fc14600d800 VMThread "VM Thread" [stack: 0x000000030db88000,0x000000030dc88000] [id=13315]
  0x00007fc11699f000 WatcherThread [stack: 0x000000030e7ba000,0x000000030e8ba000] [id=36555]
  0x00007fc146017800 GCTaskThread "GC Thread#0" [stack: 0x000000030d679000,0x000000030d779000] [id=12291]
  0x00007fc1169c5800 GCTaskThread "GC Thread#1" [stack: 0x000000030ebc6000,0x000000030ecc6000] [id=29755]
  0x00007fc14628a800 GCTaskThread "GC Thread#2" [stack: 0x000000030ecc9000,0x000000030edc9000] [id=33283]
  0x00007fc146038800 ConcurrentGCThread "G1 Main Marker" [stack: 0x000000030d77c000,0x000000030d87c000] [id=18435]
  0x00007fc146039800 ConcurrentGCThread "G1 Conc#0" [stack: 0x000000030d87f000,0x000000030d97f000] [id=17411]
  0x00007fc146895000 ConcurrentGCThread "G1 Refine#0" [stack: 0x000000030d982000,0x000000030da82000] [id=12547]
  0x00007fc146896000 ConcurrentGCThread "G1 Young RemSet Sampling" [stack: 0x000000030da85000,0x000000030db85000] [id=16643]

Threads with active compile tasks:

VM state:not at safepoint (normal execution)

VM Mutex/Monitor currently owned by a thread: None

Heap address: 0x0000000780000000, size: 2048 MB, Compressed Oops mode: Zero based, Oop shift amount: 3
Narrow klass base: 0x0000000800000000, Narrow klass shift: 0
Compressed class space size: 1073741824 Address: 0x0000000800000000

Heap:
 garbage-first heap   total 131072K, used 24620K [0x0000000780000000, 0x0000000800000000)
  region size 1024K, 23 young (23552K), 3 survivors (3072K)
 Metaspace       used 18979K, capacity 19657K, committed 19968K, reserved 1067008K
  class space    used 2214K, capacity 2472K, committed 2560K, reserved 1048576K
Heap Regions: E=young(eden), S=young(survivor), O=old, HS=humongous(starts), HC=humongous(continues), CS=collection set, F=free, A=archive, TAMS=top-at-mark-start (previous, next)
|   0|0x0000000780000000, 0x0000000780100000, 0x0000000780100000|100%| O|  |TAMS 0x0000000780000000, 0x0000000780000000| Untracked 
|   1|0x0000000780100000, 0x0000000780200000, 0x0000000780200000|100%| O|  |TAMS 0x0000000780100000, 0x0000000780100000| Untracked 
|   2|0x0000000780200000, 0x000000078020b000, 0x0000000780300000|  4%| O|  |TAMS 0x0000000780200000, 0x0000000780200000| Untracked 
|   3|0x0000000780300000, 0x0000000780300000, 0x0000000780400000|  0%| F|  |TAMS 0x0000000780300000, 0x0000000780300000| Untracked 
|   4|0x0000000780400000, 0x0000000780400000, 0x0000000780500000|  0%| F|  |TAMS 0x0000000780400000, 0x0000000780400000| Untracked 
|   5|0x0000000780500000, 0x0000000780500000, 0x0000000780600000|  0%| F|  |TAMS 0x0000000780500000, 0x0000000780500000| Untracked 
|   6|0x0000000780600000, 0x0000000780600000, 0x0000000780700000|  0%| F|  |TAMS 0x0000000780600000, 0x0000000780600000| Untracked 
|   7|0x0000000780700000, 0x0000000780700000, 0x0000000780800000|  0%| F|  |TAMS 0x0000000780700000, 0x0000000780700000| Untracked 
|   8|0x0000000780800000, 0x0000000780800000, 0x0000000780900000|  0%| F|  |TAMS 0x0000000780800000, 0x0000000780800000| Untracked 
|   9|0x0000000780900000, 0x0000000780900000, 0x0000000780a00000|  0%| F|  |TAMS 0x0000000780900000, 0x0000000780900000| Untracked 
|  10|0x0000000780a00000, 0x0000000780a00000, 0x0000000780b00000|  0%| F|  |TAMS 0x0000000780a00000, 0x0000000780a00000| Untracked 
|  11|0x0000000780b00000, 0x0000000780b00000, 0x0000000780c00000|  0%| F|  |TAMS 0x0000000780b00000, 0x0000000780b00000| Untracked 
|  12|0x0000000780c00000, 0x0000000780c00000, 0x0000000780d00000|  0%| F|  |TAMS 0x0000000780c00000, 0x0000000780c00000| Untracked 
|  13|0x0000000780d00000, 0x0000000780d00000, 0x0000000780e00000|  0%| F|  |TAMS 0x0000000780d00000, 0x0000000780d00000| Untracked 
|  14|0x0000000780e00000, 0x0000000780e00000, 0x0000000780f00000|  0%| F|  |TAMS 0x0000000780e00000, 0x0000000780e00000| Untracked 
|  15|0x0000000780f00000, 0x0000000780f00000, 0x0000000781000000|  0%| F|  |TAMS 0x0000000780f00000, 0x0000000780f00000| Untracked 
|  16|0x0000000781000000, 0x0000000781000000, 0x0000000781100000|  0%| F|  |TAMS 0x0000000781000000, 0x0000000781000000| Untracked 
|  17|0x0000000781100000, 0x0000000781100000, 0x0000000781200000|  0%| F|  |TAMS 0x0000000781100000, 0x0000000781100000| Untracked 
|  18|0x0000000781200000, 0x0000000781200000, 0x0000000781300000|  0%| F|  |TAMS 0x0000000781200000, 0x0000000781200000| Untracked 
|  19|0x0000000781300000, 0x0000000781300000, 0x0000000781400000|  0%| F|  |TAMS 0x0000000781300000, 0x0000000781300000| Untracked 
|  20|0x0000000781400000, 0x0000000781400000, 0x0000000781500000|  0%| F|  |TAMS 0x0000000781400000, 0x0000000781400000| Untracked 
|  21|0x0000000781500000, 0x0000000781500000, 0x0000000781600000|  0%| F|  |TAMS 0x0000000781500000, 0x0000000781500000| Untracked 
|  22|0x0000000781600000, 0x0000000781600000, 0x0000000781700000|  0%| F|  |TAMS 0x0000000781600000, 0x0000000781600000| Untracked 
|  23|0x0000000781700000, 0x0000000781700000, 0x0000000781800000|  0%| F|  |TAMS 0x0000000781700000, 0x0000000781700000| Untracked 
|  24|0x0000000781800000, 0x0000000781800000, 0x0000000781900000|  0%| F|  |TAMS 0x0000000781800000, 0x0000000781800000| Untracked 
|  25|0x0000000781900000, 0x0000000781900000, 0x0000000781a00000|  0%| F|  |TAMS 0x0000000781900000, 0x0000000781900000| Untracked 
|  26|0x0000000781a00000, 0x0000000781a00000, 0x0000000781b00000|  0%| F|  |TAMS 0x0000000781a00000, 0x0000000781a00000| Untracked 
|  27|0x0000000781b00000, 0x0000000781b00000, 0x0000000781c00000|  0%| F|  |TAMS 0x0000000781b00000, 0x0000000781b00000| Untracked 
|  28|0x0000000781c00000, 0x0000000781c00000, 0x0000000781d00000|  0%| F|  |TAMS 0x0000000781c00000, 0x0000000781c00000| Untracked 
|  29|0x0000000781d00000, 0x0000000781d00000, 0x0000000781e00000|  0%| F|  |TAMS 0x0000000781d00000, 0x0000000781d00000| Untracked 
|  30|0x0000000781e00000, 0x0000000781e00000, 0x0000000781f00000|  0%| F|  |TAMS 0x0000000781e00000, 0x0000000781e00000| Untracked 
|  31|0x0000000781f00000, 0x0000000781f00000, 0x0000000782000000|  0%| F|  |TAMS 0x0000000781f00000, 0x0000000781f00000| Untracked 
|  32|0x0000000782000000, 0x0000000782000000, 0x0000000782100000|  0%| F|  |TAMS 0x0000000782000000, 0x0000000782000000| Untracked 
|  33|0x0000000782100000, 0x0000000782100000, 0x0000000782200000|  0%| F|  |TAMS 0x0000000782100000, 0x0000000782100000| Untracked 
|  34|0x0000000782200000, 0x0000000782200000, 0x0000000782300000|  0%| F|  |TAMS 0x0000000782200000, 0x0000000782200000| Untracked 
|  35|0x0000000782300000, 0x0000000782300000, 0x0000000782400000|  0%| F|  |TAMS 0x0000000782300000, 0x0000000782300000| Untracked 
|  36|0x0000000782400000, 0x0000000782400000, 0x0000000782500000|  0%| F|  |TAMS 0x0000000782400000, 0x0000000782400000| Untracked 
|  37|0x0000000782500000, 0x0000000782500000, 0x0000000782600000|  0%| F|  |TAMS 0x0000000782500000, 0x0000000782500000| Untracked 
|  38|0x0000000782600000, 0x0000000782600000, 0x0000000782700000|  0%| F|  |TAMS 0x0000000782600000, 0x0000000782600000| Untracked 
|  39|0x0000000782700000, 0x0000000782700000, 0x0000000782800000|  0%| F|  |TAMS 0x0000000782700000, 0x0000000782700000| Untracked 
|  40|0x0000000782800000, 0x0000000782800000, 0x0000000782900000|  0%| F|  |TAMS 0x0000000782800000, 0x0000000782800000| Untracked 
|  41|0x0000000782900000, 0x0000000782900000, 0x0000000782a00000|  0%| F|  |TAMS 0x0000000782900000, 0x0000000782900000| Untracked 
|  42|0x0000000782a00000, 0x0000000782a00000, 0x0000000782b00000|  0%| F|  |TAMS 0x0000000782a00000, 0x0000000782a00000| Untracked 
|  43|0x0000000782b00000, 0x0000000782b00000, 0x0000000782c00000|  0%| F|  |TAMS 0x0000000782b00000, 0x0000000782b00000| Untracked 
|  44|0x0000000782c00000, 0x0000000782c00000, 0x0000000782d00000|  0%| F|  |TAMS 0x0000000782c00000, 0x0000000782c00000| Untracked 
|  45|0x0000000782d00000, 0x0000000782d00000, 0x0000000782e00000|  0%| F|  |TAMS 0x0000000782d00000, 0x0000000782d00000| Untracked 
|  46|0x0000000782e00000, 0x0000000782e00000, 0x0000000782f00000|  0%| F|  |TAMS 0x0000000782e00000, 0x0000000782e00000| Untracked 
|  47|0x0000000782f00000, 0x0000000782f00000, 0x0000000783000000|  0%| F|  |TAMS 0x0000000782f00000, 0x0000000782f00000| Untracked 
|  48|0x0000000783000000, 0x0000000783000000, 0x0000000783100000|  0%| F|  |TAMS 0x0000000783000000, 0x0000000783000000| Untracked 
|  49|0x0000000783100000, 0x0000000783100000, 0x0000000783200000|  0%| F|  |TAMS 0x0000000783100000, 0x0000000783100000| Untracked 
|  50|0x0000000783200000, 0x0000000783200000, 0x0000000783300000|  0%| F|  |TAMS 0x0000000783200000, 0x0000000783200000| Untracked 
|  51|0x0000000783300000, 0x0000000783300000, 0x0000000783400000|  0%| F|  |TAMS 0x0000000783300000, 0x0000000783300000| Untracked 
|  52|0x0000000783400000, 0x0000000783400000, 0x0000000783500000|  0%| F|  |TAMS 0x0000000783400000, 0x0000000783400000| Untracked 
|  53|0x0000000783500000, 0x0000000783500000, 0x0000000783600000|  0%| F|  |TAMS 0x0000000783500000, 0x0000000783500000| Untracked 
|  54|0x0000000783600000, 0x0000000783600000, 0x0000000783700000|  0%| F|  |TAMS 0x0000000783600000, 0x0000000783600000| Untracked 
|  55|0x0000000783700000, 0x0000000783700000, 0x0000000783800000|  0%| F|  |TAMS 0x0000000783700000, 0x0000000783700000| Untracked 
|  56|0x0000000783800000, 0x0000000783800000, 0x0000000783900000|  0%| F|  |TAMS 0x0000000783800000, 0x0000000783800000| Untracked 
|  57|0x0000000783900000, 0x0000000783900000, 0x0000000783a00000|  0%| F|  |TAMS 0x0000000783900000, 0x0000000783900000| Untracked 
|  58|0x0000000783a00000, 0x0000000783a00000, 0x0000000783b00000|  0%| F|  |TAMS 0x0000000783a00000, 0x0000000783a00000| Untracked 
|  59|0x0000000783b00000, 0x0000000783b00000, 0x0000000783c00000|  0%| F|  |TAMS 0x0000000783b00000, 0x0000000783b00000| Untracked 
|  60|0x0000000783c00000, 0x0000000783c00000, 0x0000000783d00000|  0%| F|  |TAMS 0x0000000783c00000, 0x0000000783c00000| Untracked 
|  61|0x0000000783d00000, 0x0000000783d00000, 0x0000000783e00000|  0%| F|  |TAMS 0x0000000783d00000, 0x0000000783d00000| Untracked 
|  62|0x0000000783e00000, 0x0000000783e00000, 0x0000000783f00000|  0%| F|  |TAMS 0x0000000783e00000, 0x0000000783e00000| Untracked 
|  63|0x0000000783f00000, 0x0000000783f00000, 0x0000000784000000|  0%| F|  |TAMS 0x0000000783f00000, 0x0000000783f00000| Untracked 
|  64|0x0000000784000000, 0x0000000784000000, 0x0000000784100000|  0%| F|  |TAMS 0x0000000784000000, 0x0000000784000000| Untracked 
|  65|0x0000000784100000, 0x0000000784100000, 0x0000000784200000|  0%| F|  |TAMS 0x0000000784100000, 0x0000000784100000| Untracked 
|  66|0x0000000784200000, 0x0000000784200000, 0x0000000784300000|  0%| F|  |TAMS 0x0000000784200000, 0x0000000784200000| Untracked 
|  67|0x0000000784300000, 0x0000000784300000, 0x0000000784400000|  0%| F|  |TAMS 0x0000000784300000, 0x0000000784300000| Untracked 
|  68|0x0000000784400000, 0x0000000784400000, 0x0000000784500000|  0%| F|  |TAMS 0x0000000784400000, 0x0000000784400000| Untracked 
|  69|0x0000000784500000, 0x0000000784500000, 0x0000000784600000|  0%| F|  |TAMS 0x0000000784500000, 0x0000000784500000| Untracked 
|  70|0x0000000784600000, 0x0000000784600000, 0x0000000784700000|  0%| F|  |TAMS 0x0000000784600000, 0x0000000784600000| Untracked 
|  71|0x0000000784700000, 0x0000000784700000, 0x0000000784800000|  0%| F|  |TAMS 0x0000000784700000, 0x0000000784700000| Untracked 
|  72|0x0000000784800000, 0x0000000784800000, 0x0000000784900000|  0%| F|  |TAMS 0x0000000784800000, 0x0000000784800000| Untracked 
|  73|0x0000000784900000, 0x0000000784900000, 0x0000000784a00000|  0%| F|  |TAMS 0x0000000784900000, 0x0000000784900000| Untracked 
|  74|0x0000000784a00000, 0x0000000784a00000, 0x0000000784b00000|  0%| F|  |TAMS 0x0000000784a00000, 0x0000000784a00000| Untracked 
|  75|0x0000000784b00000, 0x0000000784b00000, 0x0000000784c00000|  0%| F|  |TAMS 0x0000000784b00000, 0x0000000784b00000| Untracked 
|  76|0x0000000784c00000, 0x0000000784c00000, 0x0000000784d00000|  0%| F|  |TAMS 0x0000000784c00000, 0x0000000784c00000| Untracked 
|  77|0x0000000784d00000, 0x0000000784d00000, 0x0000000784e00000|  0%| F|  |TAMS 0x0000000784d00000, 0x0000000784d00000| Untracked 
|  78|0x0000000784e00000, 0x0000000784e00000, 0x0000000784f00000|  0%| F|  |TAMS 0x0000000784e00000, 0x0000000784e00000| Untracked 
|  79|0x0000000784f00000, 0x0000000784f00000, 0x0000000785000000|  0%| F|  |TAMS 0x0000000784f00000, 0x0000000784f00000| Untracked 
|  80|0x0000000785000000, 0x0000000785000000, 0x0000000785100000|  0%| F|  |TAMS 0x0000000785000000, 0x0000000785000000| Untracked 
|  81|0x0000000785100000, 0x0000000785100000, 0x0000000785200000|  0%| F|  |TAMS 0x0000000785100000, 0x0000000785100000| Untracked 
|  82|0x0000000785200000, 0x0000000785200000, 0x0000000785300000|  0%| F|  |TAMS 0x0000000785200000, 0x0000000785200000| Untracked 
|  83|0x0000000785300000, 0x0000000785300000, 0x0000000785400000|  0%| F|  |TAMS 0x0000000785300000, 0x0000000785300000| Untracked 
|  84|0x0000000785400000, 0x0000000785400000, 0x0000000785500000|  0%| F|  |TAMS 0x0000000785400000, 0x0000000785400000| Untracked 
|  85|0x0000000785500000, 0x0000000785500000, 0x0000000785600000|  0%| F|  |TAMS 0x0000000785500000, 0x0000000785500000| Untracked 
|  86|0x0000000785600000, 0x0000000785600000, 0x0000000785700000|  0%| F|  |TAMS 0x0000000785600000, 0x0000000785600000| Untracked 
|  87|0x0000000785700000, 0x0000000785700000, 0x0000000785800000|  0%| F|  |TAMS 0x0000000785700000, 0x0000000785700000| Untracked 
|  88|0x0000000785800000, 0x0000000785800000, 0x0000000785900000|  0%| F|  |TAMS 0x0000000785800000, 0x0000000785800000| Untracked 
|  89|0x0000000785900000, 0x0000000785900000, 0x0000000785a00000|  0%| F|  |TAMS 0x0000000785900000, 0x0000000785900000| Untracked 
|  90|0x0000000785a00000, 0x0000000785a00000, 0x0000000785b00000|  0%| F|  |TAMS 0x0000000785a00000, 0x0000000785a00000| Untracked 
|  91|0x0000000785b00000, 0x0000000785b00000, 0x0000000785c00000|  0%| F|  |TAMS 0x0000000785b00000, 0x0000000785b00000| Untracked 
|  92|0x0000000785c00000, 0x0000000785c00000, 0x0000000785d00000|  0%| F|  |TAMS 0x0000000785c00000, 0x0000000785c00000| Untracked 
|  93|0x0000000785d00000, 0x0000000785d00000, 0x0000000785e00000|  0%| F|  |TAMS 0x0000000785d00000, 0x0000000785d00000| Untracked 
|  94|0x0000000785e00000, 0x0000000785e00000, 0x0000000785f00000|  0%| F|  |TAMS 0x0000000785e00000, 0x0000000785e00000| Untracked 
|  95|0x0000000785f00000, 0x0000000785f00000, 0x0000000786000000|  0%| F|  |TAMS 0x0000000785f00000, 0x0000000785f00000| Untracked 
|  96|0x0000000786000000, 0x0000000786000000, 0x0000000786100000|  0%| F|  |TAMS 0x0000000786000000, 0x0000000786000000| Untracked 
|  97|0x0000000786100000, 0x0000000786100000, 0x0000000786200000|  0%| F|  |TAMS 0x0000000786100000, 0x0000000786100000| Untracked 
|  98|0x0000000786200000, 0x0000000786200000, 0x0000000786300000|  0%| F|  |TAMS 0x0000000786200000, 0x0000000786200000| Untracked 
|  99|0x0000000786300000, 0x0000000786300000, 0x0000000786400000|  0%| F|  |TAMS 0x0000000786300000, 0x0000000786300000| Untracked 
| 100|0x0000000786400000, 0x0000000786400000, 0x0000000786500000|  0%| F|  |TAMS 0x0000000786400000, 0x0000000786400000| Untracked 
| 101|0x0000000786500000, 0x0000000786600000, 0x0000000786600000|100%| S|CS|TAMS 0x0000000786500000, 0x0000000786500000| Complete 
| 102|0x0000000786600000, 0x0000000786700000, 0x0000000786700000|100%| S|CS|TAMS 0x0000000786600000, 0x0000000786600000| Complete 
| 103|0x0000000786700000, 0x0000000786800000, 0x0000000786800000|100%| S|CS|TAMS 0x0000000786700000, 0x0000000786700000| Complete 
| 104|0x0000000786800000, 0x0000000786800000, 0x0000000786900000|  0%| F|  |TAMS 0x0000000786800000, 0x0000000786800000| Untracked 
| 105|0x0000000786900000, 0x0000000786900000, 0x0000000786a00000|  0%| F|  |TAMS 0x0000000786900000, 0x0000000786900000| Untracked 
| 106|0x0000000786a00000, 0x0000000786a00000, 0x0000000786b00000|  0%| F|  |TAMS 0x0000000786a00000, 0x0000000786a00000| Untracked 
| 107|0x0000000786b00000, 0x0000000786b00000, 0x0000000786c00000|  0%| F|  |TAMS 0x0000000786b00000, 0x0000000786b00000| Untracked 
| 108|0x0000000786c00000, 0x0000000786cdaf68, 0x0000000786d00000| 85%| E|  |TAMS 0x0000000786c00000, 0x0000000786c00000| Complete 
| 109|0x0000000786d00000, 0x0000000786e00000, 0x0000000786e00000|100%| E|CS|TAMS 0x0000000786d00000, 0x0000000786d00000| Complete 
| 110|0x0000000786e00000, 0x0000000786f00000, 0x0000000786f00000|100%| E|CS|TAMS 0x0000000786e00000, 0x0000000786e00000| Complete 
| 111|0x0000000786f00000, 0x0000000787000000, 0x0000000787000000|100%| E|CS|TAMS 0x0000000786f00000, 0x0000000786f00000| Complete 
| 112|0x0000000787000000, 0x0000000787100000, 0x0000000787100000|100%| E|CS|TAMS 0x0000000787000000, 0x0000000787000000| Complete 
| 113|0x0000000787100000, 0x0000000787200000, 0x0000000787200000|100%| E|CS|TAMS 0x0000000787100000, 0x0000000787100000| Complete 
| 114|0x0000000787200000, 0x0000000787300000, 0x0000000787300000|100%| E|CS|TAMS 0x0000000787200000, 0x0000000787200000| Complete 
| 115|0x0000000787300000, 0x0000000787400000, 0x0000000787400000|100%| E|CS|TAMS 0x0000000787300000, 0x0000000787300000| Complete 
| 116|0x0000000787400000, 0x0000000787500000, 0x0000000787500000|100%| E|CS|TAMS 0x0000000787400000, 0x0000000787400000| Complete 
| 117|0x0000000787500000, 0x0000000787600000, 0x0000000787600000|100%| E|CS|TAMS 0x0000000787500000, 0x0000000787500000| Complete 
| 118|0x0000000787600000, 0x0000000787700000, 0x0000000787700000|100%| E|CS|TAMS 0x0000000787600000, 0x0000000787600000| Complete 
| 119|0x0000000787700000, 0x0000000787800000, 0x0000000787800000|100%| E|CS|TAMS 0x0000000787700000, 0x0000000787700000| Complete 
| 120|0x0000000787800000, 0x0000000787900000, 0x0000000787900000|100%| E|CS|TAMS 0x0000000787800000, 0x0000000787800000| Complete 
| 121|0x0000000787900000, 0x0000000787a00000, 0x0000000787a00000|100%| E|CS|TAMS 0x0000000787900000, 0x0000000787900000| Complete 
| 122|0x0000000787a00000, 0x0000000787b00000, 0x0000000787b00000|100%| E|CS|TAMS 0x0000000787a00000, 0x0000000787a00000| Complete 
| 123|0x0000000787b00000, 0x0000000787c00000, 0x0000000787c00000|100%| E|CS|TAMS 0x0000000787b00000, 0x0000000787b00000| Complete 
| 124|0x0000000787c00000, 0x0000000787d00000, 0x0000000787d00000|100%| E|CS|TAMS 0x0000000787c00000, 0x0000000787c00000| Complete 
| 125|0x0000000787d00000, 0x0000000787e00000, 0x0000000787e00000|100%| E|CS|TAMS 0x0000000787d00000, 0x0000000787d00000| Complete 
| 126|0x0000000787e00000, 0x0000000787f00000, 0x0000000787f00000|100%| E|CS|TAMS 0x0000000787e00000, 0x0000000787e00000| Complete 
| 127|0x0000000787f00000, 0x0000000788000000, 0x0000000788000000|100%| E|CS|TAMS 0x0000000787f00000, 0x0000000787f00000| Complete 

Card table byte_map: [0x0000000127bad000,0x0000000127fad000] _byte_map_base: 0x0000000123fad000

Marking Bits (Prev, Next): (CMBitMap*) 0x00007fc14602fe18, (CMBitMap*) 0x00007fc14602fe50
 Prev Bits: [0x00000001283ad000, 0x000000012a3ad000)
 Next Bits: [0x000000012a3ad000, 0x000000012c3ad000)

Polling page: 0x0000000104867000

Metaspace:

Usage:
  Non-class:     16.78 MB capacity,    16.37 MB ( 98%) used,   351.27 KB (  2%) free+waste,    68.50 KB ( <1%) overhead. 
      Class:      2.41 MB capacity,     2.16 MB ( 90%) used,   222.35 KB (  9%) free+waste,    35.00 KB (  1%) overhead. 
       Both:     19.20 MB capacity,    18.54 MB ( 97%) used,   573.62 KB (  3%) free+waste,   103.50 KB ( <1%) overhead. 

Virtual space:
  Non-class space:       18.00 MB reserved,      17.00 MB ( 94%) committed 
      Class space:        1.00 GB reserved,       2.50 MB ( <1%) committed 
             Both:        1.02 GB reserved,      19.50 MB (  2%) committed 

Chunk freelists:
   Non-Class:  39.00 KB
       Class:  0 bytes
        Both:  39.00 KB

MaxMetaspaceSize: unlimited
CompressedClassSpaceSize: 1.00 GB

CodeHeap 'non-profiled nmethods': size=238384Kb used=3080Kb max_used=3080Kb free=235303Kb
 bounds [0x0000000118d0f000, 0x000000011901f000, 0x00000001275db000]
CodeHeap 'non-nmethods': size=7376Kb used=1112Kb max_used=1112Kb free=6263Kb
 bounds [0x00000001185db000, 0x000000011884b000, 0x0000000118d0f000]
 total_blobs=2234 nmethods=1781 adapters=381
 compilation: enabled
              stopped_count=0, restarted_count=0
 full_count=0

Compilation events (20 events):
Event: 2.697 Thread 0x00007fc11684a800 nmethod 1764 0x000000011900b690 code [0x000000011900b860, 0x000000011900ba20]
Event: 2.697 Thread 0x00007fc11684a800 1765       1       org.springframework.core.ResolvableType::asVariableResolver (18 bytes)
Event: 2.697 Thread 0x00007fc11684a800 nmethod 1765 0x000000011900bc10 code [0x000000011900bdc0, 0x000000011900bf50]
Event: 2.697 Thread 0x00007fc11684a800 1766       1       org.springframework.core.ResolvableType$DefaultVariableResolver::<init> (10 bytes)
Event: 2.697 Thread 0x00007fc11684a800 nmethod 1766 0x000000011900c090 code [0x000000011900c240, 0x000000011900c350]
Event: 2.697 Thread 0x00007fc11684a800 1769       1       org.springframework.core.convert.support.GenericConversionService$Converters$$Lambda$131/0x00000008001df840::apply (8 bytes)
Event: 2.697 Thread 0x00007fc11684a800 nmethod 1769 0x000000011900c410 code [0x000000011900c5e0, 0x000000011900c930]
Event: 2.697 Thread 0x00007fc11684a800 1770       1       org.springframework.core.convert.support.GenericConversionService$Converters::lambda$getMatchableConverters$0 (9 bytes)
Event: 2.697 Thread 0x00007fc11684a800 nmethod 1770 0x000000011900cb90 code [0x000000011900cd40, 0x000000011900d050]
Event: 2.697 Thread 0x00007fc11684a800 1771       1       org.springframework.core.convert.support.GenericConversionService$ConvertersForPair::<init> (5 bytes)
Event: 2.697 Thread 0x00007fc11684a800 nmethod 1771 0x000000011900d210 code [0x000000011900d3c0, 0x000000011900d670]
Event: 2.697 Thread 0x00007fc11684a800 1772       1       org.springframework.core.convert.support.GenericConversionService$ConvertersForPair::<init> (16 bytes)
Event: 2.697 Thread 0x00007fc11684a800 nmethod 1772 0x000000011900d810 code [0x000000011900d9c0, 0x000000011900dc70]
Event: 2.697 Thread 0x00007fc11684a800 1773       1       java.util.concurrent.ConcurrentLinkedDeque::<init> (21 bytes)
Event: 2.697 Thread 0x00007fc11684a800 nmethod 1773 0x000000011900de10 code [0x000000011900dfc0, 0x000000011900e190]
Event: 2.698 Thread 0x00007fc11684a800 1774  s    1       java.lang.Throwable::fillInStackTrace (29 bytes)
Event: 2.698 Thread 0x00007fc11684a800 nmethod 1774 0x000000011900e710 code [0x000000011900e8c0, 0x000000011900ebc0]
Event: 2.702 Thread 0x00007fc11684a800 1776   !   1       jdk.internal.loader.BuiltinClassLoader$2::run (114 bytes)
Event: 2.703 Thread 0x00007fc11684a800 nmethod 1776 0x000000011900ed10 code [0x000000011900ef40, 0x000000011900f3f0]
Event: 2.705 Thread 0x00007fc11684a800 1777       1       java.lang.Math::addExact (32 bytes)

GC Heap History (2 events):
Event: 2.300 GC heap before
{Heap before GC invocations=0 (full 0):
 garbage-first heap   total 131072K, used 23552K [0x0000000780000000, 0x0000000800000000)
  region size 1024K, 24 young (24576K), 0 survivors (0K)
 Metaspace       used 15002K, capacity 15466K, committed 15616K, reserved 1062912K
  class space    used 1618K, capacity 1786K, committed 1792K, reserved 1048576K
}
Event: 2.318 GC heap after
{Heap after GC invocations=1 (full 0):
 garbage-first heap   total 131072K, used 5164K [0x0000000780000000, 0x0000000800000000)
  region size 1024K, 3 young (3072K), 3 survivors (3072K)
 Metaspace       used 15002K, capacity 15466K, committed 15616K, reserved 1062912K
  class space    used 1618K, capacity 1786K, committed 1792K, reserved 1048576K
}

Deoptimization events (2 events):
Event: 2.189 Thread 0x00007fc1169c7000 DEOPT PACKING pc=0x0000000118d52ee4 sp=0x000000030ecc4560
Event: 2.190 Thread 0x00007fc1169c7000 DEOPT UNPACKING pc=0x00000001186009ab sp=0x000000030ecc3988 mode 0

Classes redefined (0 events):
No events

Internal exceptions (20 events):
Event: 2.472 Thread 0x00007fc146812000 Exception <a 'java/lang/NoSuchMethodError'{0x0000000787889468}: 'java.lang.Object java.lang.invoke.DirectMethodHandle$Holder.invokeInterface(java.lang.Object, java.lang.Object, java.lang.Object)'> (0x0000000787889468) thrown at [./src/hotspot/share/interpreter/linkResolver.cpp, line 773]
Event: 2.473 Thread 0x00007fc146812000 Exception <a 'java/lang/IncompatibleClassChangeError'{0x000000078788c3f0}: Found class java.lang.Object, but interface was expected> (0x000000078788c3f0) thrown at [./src/hotspot/share/interpreter/linkResolver.cpp, line 839]
Event: 2.488 Thread 0x00007fc146812000 Exception <a 'java/lang/NoSuchMethodError'{0x000000078777ffa0}: 'int java.lang.invoke.DirectMethodHandle$Holder.invokeSpecial(java.lang.Object, java.lang.Object, java.lang.Object, java.lang.Object)'> (0x000000078777ffa0) thrown at [./src/hotspot/share/interpreter/linkResolver.cpp, line 773]
Event: 2.497 Thread 0x00007fc146812000 Exception <a 'java/lang/NoSuchMethodError'{0x00000007877a03c0}: 'void java.lang.invoke.DirectMethodHandle$Holder.invokeSpecial(java.lang.Object, java.lang.Object, java.lang.Object, java.lang.Object)'> (0x00000007877a03c0) thrown at [./src/hotspot/share/interpreter/linkResolver.cpp, line 773]
Event: 2.514 Thread 0x00007fc146812000 Exception <a 'java/lang/NoSuchMethodError'{0x00000007876fe3c0}: 'java.lang.Object java.lang.invoke.Invokers$Holder.linkToTargetMethod(java.lang.Object, java.lang.Object, java.lang.Object, java.lang.Object, java.lang.Object, java.lang.Object)'> (0x00000007876fe3c0) thrown at [./src/hotspot/share/interpreter/linkResolver.cpp, line 773]
Event: 2.526 Thread 0x00007fc146812000 Exception <a 'java/lang/NoSuchMethodError'{0x00000007875d06d0}: 'java.lang.Object java.lang.invoke.DirectMethodHandle$Holder.invokeSpecial(java.lang.Object, java.lang.Object, java.lang.Object, java.lang.Object, java.lang.Object, java.lang.Object, int)'> (0x00000007875d06d0) thrown at [./src/hotspot/share/interpreter/linkResolver.cpp, line 773]
Event: 2.527 Thread 0x00007fc146812000 Exception <a 'java/lang/NoSuchMethodError'{0x00000007875da130}: 'java.lang.Object java.lang.invoke.DirectMethodHandle$Holder.invokeSpecial(java.lang.Object, java.lang.Object, java.lang.Object, java.lang.Object, java.lang.Object, java.lang.Object, java.lang.Object, int)'> (0x00000007875da130) thrown at [./src/hotspot/share/interpreter/linkResolver.cpp, line 773]
Event: 2.527 Thread 0x00007fc146812000 Exception <a 'java/lang/NoSuchMethodError'{0x00000007875ddfd8}: 'java.lang.Object java.lang.invoke.Invokers$Holder.linkToTargetMethod(java.lang.Object, java.lang.Object, java.lang.Object, java.lang.Object, java.lang.Object, int, java.lang.Object)'> (0x00000007875ddfd8) thrown at [./src/hotspot/share/interpreter/linkResolver.cpp, line 773]
Event: 2.564 Thread 0x00007fc146812000 Exception <a 'java/lang/NoSuchMethodError'{0x00000007873bd7e0}: 'java.lang.Object java.lang.invoke.DirectMethodHandle$Holder.invokeStatic(java.lang.Object, java.lang.Object, java.lang.Object, int, java.lang.Object)'> (0x00000007873bd7e0) thrown at [./src/hotspot/share/interpreter/linkResolver.cpp, line 773]
Event: 2.564 Thread 0x00007fc146812000 Exception <a 'java/lang/NoSuchMethodError'{0x00000007873c41e8}: 'java.lang.Object java.lang.invoke.Invokers$Holder.linkToTargetMethod(java.lang.Object, java.lang.Object, int, java.lang.Object, java.lang.Object)'> (0x00000007873c41e8) thrown at [./src/hotspot/share/interpreter/linkResolver.cpp, line 773]
Event: 2.565 Thread 0x00007fc146812000 Exception <a 'java/lang/NoSuchMethodError'{0x00000007873d3a18}: 'int java.lang.invoke.DirectMethodHandle$Holder.invokeStatic(java.lang.Object, int, java.lang.Object, java.lang.Object)'> (0x00000007873d3a18) thrown at [./src/hotspot/share/interpreter/linkResolver.cpp, line 773]
Event: 2.565 Thread 0x00007fc146812000 Exception <a 'java/lang/NoSuchMethodError'{0x00000007873db258}: 'int java.lang.invoke.DirectMethodHandle$Holder.invokeSpecialIFC(java.lang.Object, java.lang.Object, java.lang.Object, java.lang.Object)'> (0x00000007873db258) thrown at [./src/hotspot/share/interpreter/linkResolver.cpp, line 773]
Event: 2.614 Thread 0x00007fc146812000 Exception <a 'java/lang/NoSuchMethodError'{0x0000000787146bb0}: 'java.lang.Object java.lang.invoke.DirectMethodHandle$Holder.invokeVirtual(java.lang.Object, java.lang.Object, java.lang.Object)'> (0x0000000787146bb0) thrown at [./src/hotspot/share/interpreter/linkResolver.cpp, line 773]
Event: 2.619 Thread 0x00007fc146812000 Exception <a 'java/lang/NoSuchMethodError'{0x00000007871d5c08}: 'int java.lang.invoke.DirectMethodHandle$Holder.invokeSpecialIFC(java.lang.Object, java.lang.Object, int)'> (0x00000007871d5c08) thrown at [./src/hotspot/share/interpreter/linkResolver.cpp, line 773]
Event: 2.623 Thread 0x00007fc146812000 Exception <a 'java/lang/NoSuchMethodError'{0x00000007870437b0}: 'void java.lang.invoke.DirectMethodHandle$Holder.invokeStatic(java.lang.Object, java.lang.Object, int)'> (0x00000007870437b0) thrown at [./src/hotspot/share/interpreter/linkResolver.cpp, line 773]
Event: 2.625 Thread 0x00007fc146812000 Exception <a 'java/lang/NoSuchMethodError'{0x000000078704ad08}: 'void java.lang.invoke.DirectMethodHandle$Holder.invokeStaticInit(java.lang.Object, java.lang.Object)'> (0x000000078704ad08) thrown at [./src/hotspot/share/interpreter/linkResolver.cpp, line 773]
Event: 2.626 Thread 0x00007fc146812000 Exception <a 'java/lang/NoSuchMethodError'{0x0000000787065c18}: 'void java.lang.invoke.DirectMethodHandle$Holder.invokeStaticInit(java.lang.Object, java.lang.Object, java.lang.Object)'> (0x0000000787065c18) thrown at [./src/hotspot/share/interpreter/linkResolver.cpp, line 773]
Event: 2.646 Thread 0x00007fc146812000 Exception <a 'java/lang/NoSuchMethodError'{0x0000000786f34968}: 'void java.lang.invoke.DirectMethodHandle$Holder.invokeVirtual(java.lang.Object, java.lang.Object, java.lang.Object, java.lang.Object)'> (0x0000000786f34968) thrown at [./src/hotspot/share/interpreter/linkResolver.cpp, line 773]
Event: 2.680 Thread 0x00007fc146812000 Exception <a 'java/lang/NoSuchMethodError'{0x0000000786db1548}: 'void java.lang.invoke.DirectMethodHandle$Holder.invokeSpecial(java.lang.Object, java.lang.Object, java.lang.Object, java.lang.Object, java.lang.Object)'> (0x0000000786db1548) thrown at [./src/hotspot/share/interpreter/linkResolver.cpp, line 773]
Event: 2.694 Thread 0x00007fc11684d000 Exception <a 'java/lang/NoClassDefFoundError'{0x0000000786c1c7c0}: javax/validation/Validation> (0x0000000786c1c7c0) thrown at [./src/hotspot/share/classfile/systemDictionary.cpp, line 220]

Events (20 events):
Event: 2.699 loading class org/springframework/core/io/DefaultResourceLoader$ClassPathContextResource
Event: 2.699 loading class org/springframework/core/io/DefaultResourceLoader$ClassPathContextResource done
Event: 2.699 Executing VM operation: RevokeBias
Event: 2.700 Executing VM operation: RevokeBias done
Event: 2.700 loading class org/springframework/http/converter/FormHttpMessageConverter
Event: 2.700 loading class org/springframework/http/converter/FormHttpMessageConverter done
Event: 2.700 loading class org/springframework/core/io/ContextResource
Event: 2.700 loading class org/springframework/core/io/ContextResource done
Event: 2.701 Executing VM operation: RevokeBias
Event: 2.701 Executing VM operation: RevokeBias done
Event: 2.702 Executing VM operation: RevokeBias
Event: 2.702 Executing VM operation: RevokeBias done
Event: 2.702 loading class org/springframework/http/converter/HttpMessageConverter
Event: 2.702 loading class org/springframework/http/converter/HttpMessageConverter done
Event: 2.703 Executing VM operation: RevokeBias
Event: 2.703 Executing VM operation: RevokeBias done
Event: 2.704 loading class org/springframework/http/MediaType
Event: 2.704 loading class org/springframework/http/MediaType done
Event: 2.705 loading class org/springframework/util/MimeType
Event: 2.705 loading class org/springframework/util/MimeType done


Dynamic libraries:
0x000000010ce94000 	/Library/Java/JavaVirtualMachines/adoptopenjdk-11.jdk/Contents/Home/lib/jli/libjli.dylib
0x00007ff82111f000 	/System/Library/Frameworks/Cocoa.framework/Versions/A/Cocoa
0x00007ff80ca31000 	/System/Library/Frameworks/AppKit.framework/Versions/C/AppKit
0x00007ff80ff8a000 	/System/Library/Frameworks/CoreData.framework/Versions/A/CoreData
0x00007ff80ae48000 	/System/Library/Frameworks/Foundation.framework/Versions/C/Foundation
0x00007ff81519e000 	/usr/lib/libSystem.B.dylib
0x00007ff80d8c0000 	/System/Library/PrivateFrameworks/UIFoundation.framework/Versions/A/UIFoundation
0x00007ff81b0d0000 	/System/Library/PrivateFrameworks/RemoteViewServices.framework/Versions/A/RemoteViewServices
0x00007ff813475000 	/System/Library/PrivateFrameworks/XCTTargetBootstrap.framework/Versions/A/XCTTargetBootstrap
0x00007ff81706a000 	/System/Library/PrivateFrameworks/InternationalSupport.framework/Versions/A/InternationalSupport
0x00007ff8170f4000 	/System/Library/PrivateFrameworks/UserActivity.framework/Versions/A/UserActivity
0x00007ff816451000 	/usr/lib/libspindump.dylib
0x00007ff80db4e000 	/System/Library/Frameworks/UniformTypeIdentifiers.framework/Versions/A/UniformTypeIdentifiers
0x00007ff811bb2000 	/usr/lib/libapp_launch_measurement.dylib
0x00007ff810966000 	/System/Library/PrivateFrameworks/CoreAnalytics.framework/Versions/A/CoreAnalytics
0x00007ff811bb5000 	/System/Library/PrivateFrameworks/CoreAutoLayout.framework/Versions/A/CoreAutoLayout
0x00007ff812dd5000 	/System/Library/Frameworks/Metal.framework/Versions/A/Metal
0x00007ff813aed000 	/usr/lib/liblangid.dylib
0x00007ff813479000 	/System/Library/PrivateFrameworks/CoreSVG.framework/Versions/A/CoreSVG
0x00007ff80ef15000 	/System/Library/PrivateFrameworks/SkyLight.framework/Versions/A/SkyLight
0x00007ff80f2a8000 	/System/Library/Frameworks/CoreGraphics.framework/Versions/A/CoreGraphics
0x00007ff81b73f000 	/System/Library/Frameworks/Accelerate.framework/Versions/A/Accelerate
0x00007ff815ecc000 	/System/Library/PrivateFrameworks/IconServices.framework/Versions/A/IconServices
0x00007ff812dba000 	/System/Library/Frameworks/IOSurface.framework/Versions/A/IOSurface
0x00007ff810994000 	/usr/lib/libDiagnosticMessagesClient.dylib
0x00007ff8150b8000 	/usr/lib/libz.1.dylib
0x00007ff81edae000 	/System/Library/Frameworks/ApplicationServices.framework/Versions/A/ApplicationServices
0x00007ff813461000 	/System/Library/PrivateFrameworks/DFRFoundation.framework/Versions/A/DFRFoundation
0x00007ff80c322000 	/usr/lib/libicucore.A.dylib
0x00007ff817d8f000 	/System/Library/Frameworks/AudioToolbox.framework/Versions/A/AudioToolbox
0x00007ff817076000 	/System/Library/PrivateFrameworks/DataDetectorsCore.framework/Versions/A/DataDetectorsCore
0x00007ff91296f000 	/System/Library/PrivateFrameworks/TextInput.framework/Versions/A/TextInput
0x00007ff80ee99000 	/usr/lib/libMobileGestalt.dylib
0x00007ff813169000 	/System/Library/Frameworks/Carbon.framework/Versions/A/Frameworks/HIToolbox.framework/Versions/A/HIToolbox
0x00007ff8115df000 	/System/Library/Frameworks/QuartzCore.framework/Versions/A/QuartzCore
0x00007ff80bfc2000 	/System/Library/Frameworks/Security.framework/Versions/A/Security
0x00007ff81b108000 	/System/Library/Frameworks/Carbon.framework/Versions/A/Frameworks/SpeechRecognition.framework/Versions/A/SpeechRecognition
0x00007ff811912000 	/System/Library/PrivateFrameworks/CoreUI.framework/Versions/A/CoreUI
0x00007ff80b89a000 	/System/Library/Frameworks/CoreAudio.framework/Versions/A/CoreAudio
0x00007ff810a82000 	/System/Library/Frameworks/DiskArbitration.framework/Versions/A/DiskArbitration
0x00007ff816834000 	/System/Library/PrivateFrameworks/MultitouchSupport.framework/Versions/A/MultitouchSupport
0x00007ff80ee98000 	/usr/lib/libenergytrace.dylib
0x00007ff80c91d000 	/System/Library/Frameworks/IOKit.framework/Versions/A/IOKit
0x00007ff81b4f4000 	/System/Library/Frameworks/CoreServices.framework/Versions/A/CoreServices
0x00007ff811b4c000 	/System/Library/PrivateFrameworks/PerformanceAnalysis.framework/Versions/A/PerformanceAnalysis
0x00007ffa22451000 	/System/Library/Frameworks/OpenGL.framework/Versions/A/OpenGL
0x00007ff8146e9000 	/System/Library/PrivateFrameworks/MobileKeyBag.framework/Versions/A/MobileKeyBag
0x00007ff809ee0000 	/usr/lib/libobjc.A.dylib
0x00007ff80f9d7000 	/System/Library/Frameworks/ColorSync.framework/Versions/A/ColorSync
0x00007ff80a09c000 	/System/Library/Frameworks/CoreFoundation.framework/Versions/A/CoreFoundation
0x00007ff8136f4000 	/System/Library/Frameworks/CoreImage.framework/Versions/A/CoreImage
0x00007ff80b6b0000 	/System/Library/Frameworks/CoreText.framework/Versions/A/CoreText
0x00007ff8134a8000 	/System/Library/Frameworks/ImageIO.framework/Versions/A/ImageIO
0x00007ff8151a4000 	/System/Library/PrivateFrameworks/SoftLinking.framework/Versions/A/SoftLinking
0x00007ff811bfd000 	/usr/lib/libxml2.2.dylib
0x00007ff809fa9000 	/usr/lib/libc++.1.dylib
0x00007ff815425000 	/usr/lib/libcompression.dylib
0x00007ff816fa0000 	/System/Library/PrivateFrameworks/TextureIO.framework/Versions/A/TextureIO
0x00007ff815b45000 	/usr/lib/libate.dylib
0x00007ff815199000 	/usr/lib/system/libcache.dylib
0x00007ff815155000 	/usr/lib/system/libcommonCrypto.dylib
0x00007ff81517e000 	/usr/lib/system/libcompiler_rt.dylib
0x00007ff815174000 	/usr/lib/system/libcopyfile.dylib
0x00007ff809dda000 	/usr/lib/system/libcorecrypto.dylib
0x00007ff809e99000 	/usr/lib/system/libdispatch.dylib
0x00007ff80a05b000 	/usr/lib/system/libdyld.dylib
0x00007ff815190000 	/usr/lib/system/libkeymgr.dylib
0x00007ff815133000 	/usr/lib/system/libmacho.dylib
0x00007ff8147bd000 	/usr/lib/system/libquarantine.dylib
0x00007ff81518e000 	/usr/lib/system/libremovefile.dylib
0x00007ff80eee5000 	/usr/lib/system/libsystem_asl.dylib
0x00007ff809d88000 	/usr/lib/system/libsystem_blocks.dylib
0x00007ff809f20000 	/usr/lib/system/libsystem_c.dylib
0x00007ff815186000 	/usr/lib/system/libsystem_collections.dylib
0x00007ff813ade000 	/usr/lib/system/libsystem_configuration.dylib
0x00007ff812d9d000 	/usr/lib/system/libsystem_containermanager.dylib
0x00007ff814e6a000 	/usr/lib/system/libsystem_coreservices.dylib
0x00007ff80c5ab000 	/usr/lib/system/libsystem_darwin.dylib
0x00007ff815191000 	/usr/lib/system/libsystem_dnssd.dylib
0x00007ff809f1d000 	/usr/lib/system/libsystem_featureflags.dylib
0x00007ff80a071000 	/usr/lib/system/libsystem_info.dylib
0x00007ff8150cb000 	/usr/lib/system/libsystem_m.dylib
0x00007ff809e6d000 	/usr/lib/system/libsystem_malloc.dylib
0x00007ff80ee82000 	/usr/lib/system/libsystem_networkextension.dylib
0x00007ff80c9d3000 	/usr/lib/system/libsystem_notify.dylib
0x00007ff81b3c9000 	/usr/lib/system/libsystem_product_info_filter.dylib
0x00007ff813ae2000 	/usr/lib/system/libsystem_sandbox.dylib
0x00007ff81518b000 	/usr/lib/system/libsystem_secinit.dylib
0x00007ff80a018000 	/usr/lib/system/libsystem_kernel.dylib
0x00007ff80a067000 	/usr/lib/system/libsystem_platform.dylib
0x00007ff80a04f000 	/usr/lib/system/libsystem_pthread.dylib
0x00007ff8107ad000 	/usr/lib/system/libsystem_symptoms.dylib
0x00007ff809dc1000 	/usr/lib/system/libsystem_trace.dylib
0x00007ff815161000 	/usr/lib/system/libunwind.dylib
0x00007ff809d8a000 	/usr/lib/system/libxpc.dylib
0x00007ff80a002000 	/usr/lib/libc++abi.dylib
0x00007ff81516c000 	/usr/lib/liboah.dylib
0x00007ff8158fe000 	/usr/lib/liblzma.5.dylib
0x00007ff80ab59000 	/System/Library/Frameworks/SystemConfiguration.framework/Versions/A/SystemConfiguration
0x00007ff8151a0000 	/usr/lib/libfakelink.dylib
0x00007ff80e9eb000 	/System/Library/Frameworks/CFNetwork.framework/Versions/A/CFNetwork
0x00007ff8152df000 	/usr/lib/libarchive.2.dylib
0x00007ff813ae9000 	/System/Library/PrivateFrameworks/AppleSystemInfo.framework/Versions/A/AppleSystemInfo
0x00007ff8147e4000 	/usr/lib/libbsm.0.dylib
0x00007ff80e021000 	/usr/lib/libnetwork.dylib
0x00007ff815139000 	/usr/lib/system/libkxld.dylib
0x00007ff814412000 	/System/Library/PrivateFrameworks/IOMobileFramebuffer.framework/Versions/A/IOMobileFramebuffer
0x00007ffb20046000 	/usr/lib/libCoreEntitlements.dylib
0x00007ff814e4c000 	/System/Library/PrivateFrameworks/AppleFSCompression.framework/Versions/A/AppleFSCompression
0x00007ff8147cc000 	/usr/lib/libcoretls.dylib
0x00007ff815918000 	/usr/lib/libcoretls_cfhelpers.dylib
0x00007ff815420000 	/usr/lib/libpam.2.dylib
0x00007ff8103d3000 	/usr/lib/libsqlite3.dylib
0x00007ff815987000 	/usr/lib/libxar.1.dylib
0x00007ff814e5c000 	/usr/lib/libbz2.1.0.dylib
0x00007ff8151a5000 	/usr/lib/libpcap.A.dylib
0x00007ff8107a4000 	/usr/lib/libdns_services.dylib
0x00007ff8153f2000 	/usr/lib/libapple_nghttp2.dylib
0x00007ff8151dc000 	/usr/lib/libiconv.2.dylib
0x00007ff815132000 	/usr/lib/libcharset.1.dylib
0x00007ff811b80000 	/System/Library/Frameworks/CoreServices.framework/Versions/A/Frameworks/FSEvents.framework/Versions/A/FSEvents
0x00007ff80c5b5000 	/System/Library/Frameworks/CoreServices.framework/Versions/A/Frameworks/CarbonCore.framework/Versions/A/CarbonCore
0x00007ff8109e7000 	/System/Library/Frameworks/CoreServices.framework/Versions/A/Frameworks/Metadata.framework/Versions/A/Metadata
0x00007ff814e6f000 	/System/Library/Frameworks/CoreServices.framework/Versions/A/Frameworks/OSServices.framework/Versions/A/OSServices
0x00007ff815366000 	/System/Library/Frameworks/CoreServices.framework/Versions/A/Frameworks/SearchKit.framework/Versions/A/SearchKit
0x00007ff810736000 	/System/Library/Frameworks/CoreServices.framework/Versions/A/Frameworks/AE.framework/Versions/A/AE
0x00007ff80a59d000 	/System/Library/Frameworks/CoreServices.framework/Versions/A/Frameworks/LaunchServices.framework/Versions/A/LaunchServices
0x00007ff8158af000 	/System/Library/Frameworks/CoreServices.framework/Versions/A/Frameworks/DictionaryServices.framework/Versions/A/DictionaryServices
0x00007ff811b8d000 	/System/Library/Frameworks/CoreServices.framework/Versions/A/Frameworks/SharedFileList.framework/Versions/A/SharedFileList
0x00007ff8147c0000 	/usr/lib/libCheckFix.dylib
0x00007ff80eefc000 	/System/Library/PrivateFrameworks/TCC.framework/Versions/A/TCC
0x00007ff813aef000 	/System/Library/PrivateFrameworks/CoreNLP.framework/Versions/A/CoreNLP
0x00007ff810997000 	/System/Library/PrivateFrameworks/MetadataUtilities.framework/Versions/A/MetadataUtilities
0x00007ff80ac09000 	/usr/lib/libmecabra.dylib
0x00007ff8147f4000 	/usr/lib/libmecab.dylib
0x00007ff80abd4000 	/usr/lib/libCRFSuite.dylib
0x00007ff814851000 	/usr/lib/libgermantok.dylib
0x00007ff8153cd000 	/usr/lib/libThaiTokenizer.dylib
0x00007ff810a89000 	/System/Library/Frameworks/Accelerate.framework/Versions/A/Frameworks/vImage.framework/Versions/A/vImage
0x00007ff81b4cb000 	/System/Library/Frameworks/Accelerate.framework/Versions/A/Frameworks/vecLib.framework/Versions/A/vecLib
0x00007ff8159c8000 	/System/Library/Frameworks/Accelerate.framework/Versions/A/Frameworks/vecLib.framework/Versions/A/libvMisc.dylib
0x00007ff814206000 	/System/Library/Frameworks/Accelerate.framework/Versions/A/Frameworks/vecLib.framework/Versions/A/libvDSP.dylib
0x00007ff80a915000 	/System/Library/Frameworks/Accelerate.framework/Versions/A/Frameworks/vecLib.framework/Versions/A/libBLAS.dylib
0x00007ff815502000 	/System/Library/Frameworks/Accelerate.framework/Versions/A/Frameworks/vecLib.framework/Versions/A/libLAPACK.dylib
0x00007ff814854000 	/System/Library/Frameworks/Accelerate.framework/Versions/A/Frameworks/vecLib.framework/Versions/A/libLinearAlgebra.dylib
0x00007ff81540b000 	/System/Library/Frameworks/Accelerate.framework/Versions/A/Frameworks/vecLib.framework/Versions/A/libSparseBLAS.dylib
0x00007ff8154fc000 	/System/Library/Frameworks/Accelerate.framework/Versions/A/Frameworks/vecLib.framework/Versions/A/libQuadrature.dylib
0x00007ff813bd9000 	/System/Library/Frameworks/Accelerate.framework/Versions/A/Frameworks/vecLib.framework/Versions/A/libBNNS.dylib
0x00007ff80aaea000 	/System/Library/Frameworks/Accelerate.framework/Versions/A/Frameworks/vecLib.framework/Versions/A/libSparse.dylib
0x00007ff813bd2000 	/System/Library/PrivateFrameworks/LinguisticData.framework/Versions/A/LinguisticData
0x00007ff80aa9f000 	/System/Library/PrivateFrameworks/Lexicon.framework/Versions/A/Lexicon
0x00007ff8159c1000 	/usr/lib/libChineseTokenizer.dylib
0x00007ff80b203000 	/System/Library/PrivateFrameworks/LanguageModeling.framework/Versions/A/LanguageModeling
0x00007ff8153cf000 	/System/Library/PrivateFrameworks/AppleSauce.framework/Versions/A/AppleSauce
0x00007ff814400000 	/System/Library/PrivateFrameworks/CoreEmoji.framework/Versions/A/CoreEmoji
0x00007ff8152ce000 	/usr/lib/libcmph.dylib
0x00007ff811b64000 	/System/Library/Frameworks/OpenDirectory.framework/Versions/A/Frameworks/CFOpenDirectory.framework/Versions/A/CFOpenDirectory
0x00007ff811b58000 	/System/Library/Frameworks/OpenDirectory.framework/Versions/A/OpenDirectory
0x00007ff81591a000 	/System/Library/PrivateFrameworks/APFS.framework/Versions/A/APFS
0x00007ff814721000 	/System/Library/Frameworks/SecurityFoundation.framework/Versions/A/SecurityFoundation
0x00007ff815995000 	/usr/lib/libutil.dylib
0x00007ff80c8e0000 	/System/Library/PrivateFrameworks/CoreServicesStore.framework/Versions/A/CoreServicesStore
0x00007ff815999000 	/usr/lib/libxslt.1.dylib
0x00007ff8147ae000 	/System/Library/PrivateFrameworks/BackgroundTaskManagement.framework/Versions/A/BackgroundTaskManagement
0x00007ff816ec2000 	/System/Library/Frameworks/ImageIO.framework/Versions/A/Resources/libRadiance.dylib
0x00007ff816ecb000 	/System/Library/Frameworks/ImageIO.framework/Versions/A/Resources/libJPEG.dylib
0x00007ff816e1c000 	/System/Library/Frameworks/ImageIO.framework/Versions/A/Resources/libPng.dylib
0x00007ff816e3d000 	/System/Library/Frameworks/ImageIO.framework/Versions/A/Resources/libTIFF.dylib
0x00007ff816f29000 	/System/Library/Frameworks/ImageIO.framework/Versions/A/Resources/libGIF.dylib
0x00007ff816751000 	/System/Library/Frameworks/ImageIO.framework/Versions/A/Resources/libJP2.dylib
0x00007ff815e93000 	/usr/lib/libexpat.1.dylib
0x00007ff816706000 	/System/Library/PrivateFrameworks/AppleJPEG.framework/Versions/A/AppleJPEG
0x00007ff813030000 	/System/Library/PrivateFrameworks/FontServices.framework/libFontParser.dylib
0x00007ff8106e0000 	/System/Library/PrivateFrameworks/RunningBoardServices.framework/Versions/A/RunningBoardServices
0x00007ff821699000 	/System/Library/PrivateFrameworks/IOSurfaceAccelerator.framework/Versions/A/IOSurfaceAccelerator
0x00007ff816830000 	/System/Library/PrivateFrameworks/WatchdogClient.framework/Versions/A/WatchdogClient
0x00007ff80b2f2000 	/System/Library/Frameworks/CoreDisplay.framework/Versions/A/CoreDisplay
0x00007ff812f2f000 	/System/Library/Frameworks/CoreMedia.framework/Versions/A/CoreMedia
0x00007ff812dcc000 	/System/Library/PrivateFrameworks/IOAccelerator.framework/Versions/A/IOAccelerator
0x00007ff811ce0000 	/System/Library/Frameworks/CoreVideo.framework/Versions/A/CoreVideo
0x00007ff81541e000 	/System/Library/Frameworks/MetalPerformanceShaders.framework/Versions/A/MetalPerformanceShaders
0x00007ff81686b000 	/System/Library/Frameworks/VideoToolbox.framework/Versions/A/VideoToolbox
0x00007ff810628000 	/System/Library/PrivateFrameworks/BaseBoard.framework/Versions/A/BaseBoard
0x00007ff8103b9000 	/System/Library/PrivateFrameworks/ProtocolBuffer.framework/Versions/A/ProtocolBuffer
0x00007ff816ebb000 	/System/Library/PrivateFrameworks/GPUWrangler.framework/Versions/A/GPUWrangler
0x00007ff816e9e000 	/System/Library/PrivateFrameworks/IOPresentment.framework/Versions/A/IOPresentment
0x00007ff816ec5000 	/System/Library/PrivateFrameworks/DSExternalDisplay.framework/Versions/A/DSExternalDisplay
0x00007ffa22445000 	/System/Library/Frameworks/OpenGL.framework/Versions/A/Libraries/libCoreFSCache.dylib
0x00007ffb0e330000 	/System/Library/PrivateFrameworks/GPUCompiler.framework/Versions/31001/Libraries/libGPUCompilerUtils.dylib
0x00007ff816f2e000 	/System/Library/PrivateFrameworks/CMCaptureCore.framework/Versions/A/CMCaptureCore
0x00007ff81643f000 	/System/Library/PrivateFrameworks/AppServerSupport.framework/Versions/A/AppServerSupport
0x00007ff818615000 	/System/Library/PrivateFrameworks/perfdata.framework/Versions/A/perfdata
0x00007ff80b41e000 	/System/Library/PrivateFrameworks/AudioToolboxCore.framework/Versions/A/AudioToolboxCore
0x00007ff812f0c000 	/System/Library/PrivateFrameworks/caulk.framework/Versions/A/caulk
0x00007ff817f39000 	/usr/lib/libAudioStatistics.dylib
0x00007ff90f200000 	/System/Library/PrivateFrameworks/SystemPolicy.framework/Versions/A/SystemPolicy
0x00007ff81818e000 	/usr/lib/libSMC.dylib
0x00007ff820fd2000 	/System/Library/Frameworks/CoreMIDI.framework/Versions/A/CoreMIDI
0x00007ff816dec000 	/usr/lib/libAudioToolboxUtility.dylib
0x00007ff90b612000 	/System/Library/PrivateFrameworks/OSAServicesClient.framework/Versions/A/OSAServicesClient
0x00007ff818622000 	/usr/lib/libperfcheck.dylib
0x00007ff90fc92000 	/usr/lib/libmis.dylib
0x00007ffa224a1000 	/System/Library/Frameworks/OpenGL.framework/Versions/A/Libraries/libGLU.dylib
0x00007ffa22464000 	/System/Library/Frameworks/OpenGL.framework/Versions/A/Libraries/libGFXShared.dylib
0x00007ffa22672000 	/System/Library/Frameworks/OpenGL.framework/Versions/A/Libraries/libGL.dylib
0x00007ffa2246d000 	/System/Library/Frameworks/OpenGL.framework/Versions/A/Libraries/libGLImage.dylib
0x00007ffa22461000 	/System/Library/Frameworks/OpenGL.framework/Versions/A/Libraries/libCVMSPluginSupport.dylib
0x00007ffa2244c000 	/System/Library/Frameworks/OpenGL.framework/Versions/A/Libraries/libCoreVMClient.dylib
0x00007ff813a6d000 	/System/Library/Frameworks/MetalPerformanceShaders.framework/Versions/A/Frameworks/MPSCore.framework/Versions/A/MPSCore
0x00007ff814db7000 	/System/Library/Frameworks/MetalPerformanceShaders.framework/Versions/A/Frameworks/MPSImage.framework/Versions/A/MPSImage
0x00007ff81486a000 	/System/Library/Frameworks/MetalPerformanceShaders.framework/Versions/A/Frameworks/MPSNeuralNetwork.framework/Versions/A/MPSNeuralNetwork
0x00007ff814cdf000 	/System/Library/Frameworks/MetalPerformanceShaders.framework/Versions/A/Frameworks/MPSMatrix.framework/Versions/A/MPSMatrix
0x00007ff814a9b000 	/System/Library/Frameworks/MetalPerformanceShaders.framework/Versions/A/Frameworks/MPSRayIntersector.framework/Versions/A/MPSRayIntersector
0x00007ff814d18000 	/System/Library/Frameworks/MetalPerformanceShaders.framework/Versions/A/Frameworks/MPSNDArray.framework/Versions/A/MPSNDArray
0x00007ffa27063000 	/System/Library/Frameworks/MetalPerformanceShaders.framework/Versions/A/Frameworks/MPSFunctions.framework/Versions/A/MPSFunctions
0x00007ff80a7f8000 	/System/Library/PrivateFrameworks/MetalTools.framework/Versions/A/MetalTools
0x00007ff813ae7000 	/System/Library/PrivateFrameworks/AggregateDictionary.framework/Versions/A/AggregateDictionary
0x00007ff815c75000 	/usr/lib/libIOReport.dylib
0x00007ffa23a81000 	/System/Library/Frameworks/OpenCL.framework/Versions/A/OpenCL
0x00007ff815fd9000 	/System/Library/PrivateFrameworks/FaceCore.framework/Versions/A/FaceCore
0x00007ff815fca000 	/System/Library/PrivateFrameworks/GraphVisualizer.framework/Versions/A/GraphVisualizer
0x00007ffb0e23b000 	/System/Library/PrivateFrameworks/FontServices.framework/Versions/A/FontServices
0x00007ff8163f6000 	/System/Library/PrivateFrameworks/OTSVG.framework/Versions/A/OTSVG
0x00007ff8118c8000 	/System/Library/Frameworks/ApplicationServices.framework/Versions/A/Frameworks/ATS.framework/Versions/A/Resources/libFontRegistry.dylib
0x00007ff816447000 	/System/Library/PrivateFrameworks/FontServices.framework/libhvf.dylib
0x00007ffb0e23c000 	/System/Library/PrivateFrameworks/FontServices.framework/libXTFontStaticRegistryData.dylib
0x00007ff815e43000 	/System/Library/PrivateFrameworks/AppleVA.framework/Versions/A/AppleVA
0x00007ff817f5d000 	/System/Library/Frameworks/ApplicationServices.framework/Versions/A/Frameworks/ATS.framework/Versions/A/ATS
0x00007ff80fad3000 	/System/Library/Frameworks/ApplicationServices.framework/Versions/A/Frameworks/HIServices.framework/Versions/A/HIServices
0x00007ff816f38000 	/System/Library/Frameworks/ApplicationServices.framework/Versions/A/Frameworks/PrintCore.framework/Versions/A/PrintCore
0x00007ff8182e1000 	/System/Library/Frameworks/ApplicationServices.framework/Versions/A/Frameworks/QD.framework/Versions/A/QD
0x00007ff8182d9000 	/System/Library/Frameworks/ApplicationServices.framework/Versions/A/Frameworks/ColorSyncLegacy.framework/Versions/A/ColorSyncLegacy
0x00007ff817f4d000 	/System/Library/Frameworks/ApplicationServices.framework/Versions/A/Frameworks/SpeechSynthesis.framework/Versions/A/SpeechSynthesis
0x00007ff816ef9000 	/System/Library/Frameworks/ApplicationServices.framework/Versions/A/Frameworks/ATSUI.framework/Versions/A/ATSUI
0x00007ff81826e000 	/usr/lib/libcups.2.dylib
0x00007ff818631000 	/System/Library/Frameworks/Kerberos.framework/Versions/A/Kerberos
0x00007ff818640000 	/System/Library/Frameworks/GSS.framework/Versions/A/GSS
0x00007ff817fc9000 	/usr/lib/libresolv.9.dylib
0x00007ff816456000 	/System/Library/PrivateFrameworks/Heimdal.framework/Versions/A/Heimdal
0x00007ff81f129000 	/System/Library/Frameworks/Kerberos.framework/Versions/A/Libraries/libHeimdalProxy.dylib
0x00007ff8107b5000 	/System/Library/Frameworks/Network.framework/Versions/A/Network
0x00007ff815ead000 	/usr/lib/libheimdal-asn1.dylib
0x00007ff81868c000 	/System/Library/PrivateFrameworks/CommonAuth.framework/Versions/A/CommonAuth
0x00007ff817eca000 	/System/Library/PrivateFrameworks/AudioSession.framework/Versions/A/AudioSession
0x00007ff815f3d000 	/System/Library/PrivateFrameworks/MediaExperience.framework/Versions/A/MediaExperience
0x00007ff817d5e000 	/System/Library/PrivateFrameworks/AudioSession.framework/libSessionUtility.dylib
0x00007ff8182ed000 	/System/Library/PrivateFrameworks/AudioResourceArbitration.framework/Versions/A/AudioResourceArbitration
0x00007ff81c2de000 	/System/Library/PrivateFrameworks/PowerLog.framework/Versions/A/PowerLog
0x00007ff815eb6000 	/System/Library/PrivateFrameworks/IconFoundation.framework/Versions/A/IconFoundation
0x00007ff81b0f8000 	/System/Library/PrivateFrameworks/SpeechRecognitionCore.framework/Versions/A/SpeechRecognitionCore
0x00007ffa138ea000 	/System/Library/CoreServices/Encodings/libKoreanConverter.dylib
0x000000010dc8e000 	/Library/Java/JavaVirtualMachines/adoptopenjdk-11.jdk/Contents/Home/lib/server/libjvm.dylib
0x000000010cf72000 	/Library/Java/JavaVirtualMachines/adoptopenjdk-11.jdk/Contents/Home/lib/libverify.dylib
0x000000010cf97000 	/Library/Java/JavaVirtualMachines/adoptopenjdk-11.jdk/Contents/Home/lib/libjava.dylib
0x000000010cf04000 	/Library/Java/JavaVirtualMachines/adoptopenjdk-11.jdk/Contents/Home/lib/libjimage.dylib
0x000000010d00e000 	/Library/Java/JavaVirtualMachines/adoptopenjdk-11.jdk/Contents/Home/lib/libinstrument.dylib
0x000000010d0c5000 	/private/var/folders/2j/318g6rn129z7wbx6bs77kktm0000gn/T/libasyncProfiler.so
0x000000010d07e000 	/Library/Java/JavaVirtualMachines/adoptopenjdk-11.jdk/Contents/Home/lib/libzip.dylib
0x0000000130905000 	/Library/Java/JavaVirtualMachines/adoptopenjdk-11.jdk/Contents/Home/lib/libnio.dylib
0x000000013094a000 	/Library/Java/JavaVirtualMachines/adoptopenjdk-11.jdk/Contents/Home/lib/libnet.dylib
0x000000010cf3d000 	/Library/Java/JavaVirtualMachines/adoptopenjdk-11.jdk/Contents/Home/lib/libextnet.dylib
0x0000000130b23000 	/Library/Java/JavaVirtualMachines/adoptopenjdk-11.jdk/Contents/Home/lib/libmanagement.dylib
0x0000000130b42000 	/Library/Java/JavaVirtualMachines/adoptopenjdk-11.jdk/Contents/Home/lib/libmanagement_ext.dylib


VM Arguments:
jvm_args: -XX:TieredStopAtLevel=1 -Xverify:none -Dspring.output.ansi.enabled=always -Dcom.sun.management.jmxremote -Dspring.jmx.enabled=true -Dspring.liveBeansView.mbeanDomain -Dspring.application.admin.enabled=true -javaagent:/Applications/IntelliJ IDEA.app/Contents/lib/idea_rt.jar=52730:/Applications/IntelliJ IDEA.app/Contents/bin -agentpath:/private/var/folders/2j/318g6rn129z7wbx6bs77kktm0000gn/T/libasyncProfiler.so=start,jfr,event=cpu,interval=1ms,event=alloc,file=/Users/jinyoungwee/ItemServiceApplication_2022_04_05_181209.jfr -Dfile.encoding=UTF-8 
java_command: hello.itemservice.ItemServiceApplication
java_class_path (initial): /Users/jinyoungwee/item-service/out/production/classes:/Users/jinyoungwee/item-service/out/production/resources:/Users/jinyoungwee/.gradle/caches/modules-2/files-2.1/org.projectlombok/lombok/1.18.22/9c08ea24c6eb714e2d6170e8122c069a0ba9aacf/lombok-1.18.22.jar:/Users/jinyoungwee/.gradle/caches/modules-2/files-2.1/org.springframework.boot/spring-boot-starter-thymeleaf/2.6.6/e5eace5a9f6aaf38ba51212934f34faeeb3181cf/spring-boot-starter-thymeleaf-2.6.6.jar:/Users/jinyoungwee/.gradle/caches/modules-2/files-2.1/org.springframework.boot/spring-boot-starter-web/2.6.6/7aa73898044e9fb7dc71dbf4d4e0f2fbcc7ce25f/spring-boot-starter-web-2.6.6.jar:/Users/jinyoungwee/.gradle/caches/modules-2/files-2.1/org.springframework.boot/spring-boot-starter/2.6.6/b34b4f0c1e99edc181ea40a6b1b79fa72658ee04/spring-boot-starter-2.6.6.jar:/Users/jinyoungwee/.gradle/caches/modules-2/files-2.1/org.thymeleaf/thymeleaf-spring5/3.0.15.RELEASE/7170e1bcd1588d38c139f7048ebcc262676441c3/thymeleaf-spring5-3.0.15.RELEASE.jar:/Users/jinyoungwee/.gradle/caches/modules-2/files-2.1/org.thymeleaf.extras/thymeleaf-extras-java8time/3.0.4.RELEASE/36e7175ddce36c486fff4578b5af7bb32f54f5df/thymeleaf-extras-java8time-3.0.4.RELEASE.jar:/Users/jinyoungwee/.gradle/caches/modules-2/files-2.1/org.springframework.boot/spring-boot-starter-json/2.6.6/6f405fb0ebe73841e4494aa65cf2f91d7dc2ae7f/spring-boot-starter-json-2.6.6.jar:/Users/jinyoungwee/.gradle/caches/modules-2/files-2.1/org.springframework.boot/spring-boot-starter-tomcat/2.6.6/2076a0fd75e63b57dd149a0ccf7a1545e3f1aec3/spring-boot-starter-tomcat-2.6.6.jar:/Users/jinyoungwee/.gradle/caches/modules-2/files-2.1/org.springframework/spring-webmvc/5.3.18/806b4ac997761daa32cba3f766d8ac09c132fe81/spring-webmvc-5.3.18.jar:/Users/jinyoungwee/.gradle/caches/modules-2/files-2.1/org.springframework/spring-web/5.3.18/8db103c4109e925ec6f5fbfe577d447d3e95ded5/spring-web-5.3.18.jar:/Users/jinyoungwee/.gradle/caches/modules-2/files-2.1/org.springframework.boot/spri
Launcher Type: SUN_STANDARD

[Global flags]
     bool BytecodeVerificationLocal                = false                                     {product} {command line}
     bool BytecodeVerificationRemote               = false                                     {product} {command line}
     intx CICompilerCount                          = 4                                         {product} {ergonomic}
     uint ConcGCThreads                            = 2                                         {product} {ergonomic}
     uint G1ConcRefinementThreads                  = 8                                         {product} {ergonomic}
   size_t G1HeapRegionSize                         = 1048576                                   {product} {ergonomic}
    uintx GCDrainStackTargetSize                   = 64                                        {product} {ergonomic}
   size_t InitialHeapSize                          = 134217728                                 {product} {ergonomic}
     bool ManagementServer                         = true                                      {product} {command line}
   size_t MarkStackSize                            = 4194304                                   {product} {ergonomic}
   size_t MaxHeapSize                              = 2147483648                                {product} {ergonomic}
   size_t MaxNewSize                               = 1287651328                                {product} {ergonomic}
   size_t MinHeapDeltaBytes                        = 1048576                                   {product} {ergonomic}
    uintx NonNMethodCodeHeapSize                   = 7549744                                {pd product} {ergonomic}
    uintx NonProfiledCodeHeapSize                  = 244108496                              {pd product} {ergonomic}
    uintx ProfiledCodeHeapSize                     = 0                                      {pd product} {ergonomic}
    uintx ReservedCodeCacheSize                    = 251658240                              {pd product} {ergonomic}
     bool SegmentedCodeCache                       = true                                      {product} {ergonomic}
     intx TieredStopAtLevel                        = 1                                         {product} {command line}
     bool UseCompressedClassPointers               = true                                 {lp64_product} {ergonomic}
     bool UseCompressedOops                        = true                                 {lp64_product} {ergonomic}
     bool UseG1GC                                  = true                                      {product} {ergonomic}

Logging:
Log output configuration:
 #0: stdout all=warning uptime,level,tags
 #1: stderr all=off uptime,level,tags

Environment Variables:
PATH=/opt/homebrew/sbin:/opt/homebrew/bin:/usr/local/bin:/usr/bin:/bin:/usr/sbin:/sbin:/Library/Apple/usr/bin
SHELL=/bin/zsh
LC_CTYPE=ko_KR.UTF-8

Signal Handlers:
SIGSEGV: [libjvm.dylib+0x7bc7ea], sa_mask[0]=11111111111111111111111111111111, sa_flags=SA_ONSTACK|SA_RESTART|SA_SIGINFO
SIGBUS: [libjvm.dylib+0x7bc7ea], sa_mask[0]=11111111111111111111111111111111, sa_flags=SA_RESTART|SA_SIGINFO
SIGFPE: [libjvm.dylib+0x7bc7ea], sa_mask[0]=11111111111111111111111111111111, sa_flags=SA_RESTART|SA_SIGINFO
SIGPIPE: [libjvm.dylib+0x62226b], sa_mask[0]=11111111111111111111111111111111, sa_flags=SA_RESTART|SA_SIGINFO
SIGXFSZ: [libjvm.dylib+0x62226b], sa_mask[0]=11111111111111111111111111111111, sa_flags=SA_RESTART|SA_SIGINFO
SIGILL: [libjvm.dylib+0x7bc7ea], sa_mask[0]=11111111111111111111111111111111, sa_flags=SA_RESTART|SA_SIGINFO
SIGUSR2: [libjvm.dylib+0x622853], sa_mask[0]=00100000000000000000000000000000, sa_flags=SA_RESTART|SA_SIGINFO
SIGHUP: [libjvm.dylib+0x6213f1], sa_mask[0]=11111111111111111111111111111111, sa_flags=SA_RESTART|SA_SIGINFO
SIGINT: [libjvm.dylib+0x6213f1], sa_mask[0]=11111111111111111111111111111111, sa_flags=SA_RESTART|SA_SIGINFO
SIGTERM: [libjvm.dylib+0x6213f1], sa_mask[0]=11111111111111111111111111111111, sa_flags=SA_RESTART|SA_SIGINFO
SIGQUIT: [libjvm.dylib+0x6213f1], sa_mask[0]=11111111111111111111111111111111, sa_flags=SA_RESTART|SA_SIGINFO


---------------  S Y S T E M  ---------------

OS:uname:Darwin 21.2.0 Darwin Kernel Version 21.2.0: Sun Nov 28 20:29:10 PST 2021; root:xnu-8019.61.5~1/RELEASE_ARM64_T8101 x86_64
OS uptime: 5 days 6:21 hours
rlimit (soft/hard): STACK 8176k/65520k , CORE 0k/infinity , NPROC 1333/2000 , NOFILE 10240/infinity , AS infinity/infinity , CPU infinity/infinity , DATA infinity/infinity , FSIZE infinity/infinity , MEMLOCK infinity/infinity , RSS infinity/infinity
load average:7.34 3.70 2.65

CPU:total 8 (initial active 8) (1 cores per cpu, 1 threads per core) family 6 model 44 stepping 0 microcode 0x0, cmov, cx8, fxsr, mmx, sse, sse2, sse3, ssse3, sse4.1, sse4.2, popcnt, aes, clmul, tsc, tscinvbit, tscinv

Memory: 4k page, physical 8388608k(64108k free), swap 3145728k(859392k free)

vm_info: OpenJDK 64-Bit Server VM (11.0.11+9) for bsd-amd64 JRE (11.0.11+9), built on Apr 20 2021 22:06:18 by "jenkins" with gcc 4.2.1 Compatible Apple LLVM 10.0.1 (clang-1001.0.46.4)

END.
